[2157-08-15 03:20:00] INFO     SENSORS: Deep space scan cycle 4,521
[2157-08-15 03:20:05] INFO     SENSORS: No anomalies detected
[2157-08-15 03:20:10] INFO     SENSORS: Radiation levels nominal
[2157-08-15 03:20:15] INFO     SENSORS: Hull integrity 100%
[2157-08-15 03:20:20] INFO     SENSORS: External temperature -270.42C
[2157-08-15 03:20:25] INFO     SENSORS: Micrometeorite shield active
[2157-08-15 03:20:30] INFO     SENSORS: Long range scan - no objects within 10AU
[2157-08-15 03:20:45] INFO     SENSORS: Gravitational sensors calibrated
[2157-08-15 03:21:00] INFO     SENSORS: Electromagnetic spectrum clear
[2157-08-15 03:21:15] INFO     SENSORS: Internal atmosphere analysis complete
[2157-08-15 03:21:30] INFO     SENSORS: CO2 levels within limits
[2157-08-15 03:21:45] INFO     SENSORS: Cryogenic pod status - all nominal
[2157-08-15 03:22:00] INFO     SENSORS: Deep space scan cycle 4,522
[2157-08-15 03:22:15] WARNING  SENSORS: Navigation sensor data inconsistent
[2157-08-15 03:22:20] WARNING  SENSORS: Star tracker reporting errors
[2157-08-15 03:22:30] ERROR    SENSORS: Cannot correlate star positions
[2157-08-15 03:22:35] WARNING  SENSORS: Switching to inertial reference only
[2157-08-15 03:22:40] WARNING  SENSORS: Position uncertainty increasing
[2157-08-15 03:22:50] INFO     SENSORS: External sensors remain operational
[2157-08-15 03:23:00] INFO     SENSORS: Awaiting navigation fix
