[2157-08-15 03:22:01] INFO     CORE: System heartbeat normal
[2157-08-15 03:22:02] INFO     CORE: Memory usage at 45%
[2157-08-15 03:22:05] INFO     CORE: CPU temperature nominal
[2157-08-15 03:22:10] INFO     LIFE_SUPPORT: Oxygen levels stable
[2157-08-15 03:22:15] INFO     CORE: Scheduled maintenance check passed
[2157-08-15 03:22:20] WARNING  NAVIGATION: Gyroscope calibration drift detected
[2157-08-15 03:22:21] INFO     CORE: Auto-correction initiated for NAVIGATION
[2157-08-15 03:22:25] WARNING  NAVIGATION: Star tracker misalignment warning
[2157-08-15 03:22:28] ERROR    NAVIGATION: Unable to acquire stellar fix
[2157-08-15 03:22:30] INFO     CORE: Switching to backup navigation
[2157-08-15 03:22:31] ERROR    NAVIGATION: Backup system timeout
[2157-08-15 03:22:32] CRITICAL NAVIGATION: Total navigation failure - position unknown
[2157-08-15 03:22:33] WARNING  CORE: Initiating emergency protocols
[2157-08-15 03:22:35] ERROR    PROPULSION: Emergency shutdown triggered
[2157-08-15 03:22:36] WARNING  LIFE_SUPPORT: Switching to conservation mode
[2157-08-15 03:22:38] CRITICAL CORE: Multiple system failures detected
[2157-08-15 03:22:40] INFO     ARIA: Initiating crew wake protocol for emergency
[2157-08-15 03:22:45] ERROR    ARIA: Main AI core unresponsive
[2157-08-15 03:22:46] CRITICAL ARIA: AI system offline - switching to backup
[2157-08-15 03:22:50] INFO     CORE: Emergency backup systems online
[2157-08-15 03:22:55] WARNING  CORE: Operating on minimal functionality
[2157-08-15 03:23:00] INFO     CORE: Awaiting manual intervention
